2026-06-19T17:09:19.921+02:00  INFO 11914 --- [task-service] [main] c.p.c.t.TaskServiceApplication           : Starting TaskServiceApplication using Java 21.0.10 with PID 11914 (/Users/wassimsboui/complet/task-service/target/classes started by wassimsboui in /Users/wassimsboui/complet)
2026-06-19T17:09:20.200+02:00  INFO 11914 --- [task-service] [main] c.p.c.t.TaskServiceApplication           : No active profile set, falling back to 1 default profile: "default"
2026-06-19T17:09:28.577+02:00  INFO 11914 --- [task-service] [main] .s.d.r.c.RepositoryConfigurationDelegate : Multiple Spring Data modules found, entering strict repository configuration mode
2026-06-19T17:09:28.585+02:00  INFO 11914 --- [task-service] [main] .s.d.r.c.RepositoryConfigurationDelegate : Bootstrapping Spring Data JPA repositories in DEFAULT mode.
2026-06-19T17:09:29.477+02:00  INFO 11914 --- [task-service] [main] .s.d.r.c.RepositoryConfigurationDelegate : Finished Spring Data repository scanning in 863 ms. Found 3 JPA repository interfaces.
2026-06-19T17:09:29.587+02:00  INFO 11914 --- [task-service] [main] .s.d.r.c.RepositoryConfigurationDelegate : Multiple Spring Data modules found, entering strict repository configuration mode
2026-06-19T17:09:29.591+02:00  INFO 11914 --- [task-service] [main] .s.d.r.c.RepositoryConfigurationDelegate : Bootstrapping Spring Data Redis repositories in DEFAULT mode.
2026-06-19T17:09:29.665+02:00  INFO 11914 --- [task-service] [main] .RepositoryConfigurationExtensionSupport : Spring Data Redis - Could not safely identify store assignment for repository candidate interface com.pictet.complet.taskservice.repositories.ProcessedEventRepository; If you want this repository to be a Redis repository, consider annotating your entities with one of these annotations: org.springframework.data.redis.core.RedisHash (preferred), or consider extending one of the following types with your repository: org.springframework.data.keyvalue.repository.KeyValueRepository
2026-06-19T17:09:29.666+02:00  INFO 11914 --- [task-service] [main] .RepositoryConfigurationExtensionSupport : Spring Data Redis - Could not safely identify store assignment for repository candidate interface com.pictet.complet.taskservice.repositories.TaskRepository; If you want this repository to be a Redis repository, consider annotating your entities with one of these annotations: org.springframework.data.redis.core.RedisHash (preferred), or consider extending one of the following types with your repository: org.springframework.data.keyvalue.repository.KeyValueRepository
2026-06-19T17:09:29.668+02:00  INFO 11914 --- [task-service] [main] .RepositoryConfigurationExtensionSupport : Spring Data Redis - Could not safely identify store assignment for repository candidate interface com.pictet.complet.taskservice.repositories.UserQuotaRepository; If you want this repository to be a Redis repository, consider annotating your entities with one of these annotations: org.springframework.data.redis.core.RedisHash (preferred), or consider extending one of the following types with your repository: org.springframework.data.keyvalue.repository.KeyValueRepository
2026-06-19T17:09:29.669+02:00  INFO 11914 --- [task-service] [main] .s.d.r.c.RepositoryConfigurationDelegate : Finished Spring Data repository scanning in 42 ms. Found 0 Redis repository interfaces.
2026-06-19T17:09:35.815+02:00  INFO 11914 --- [task-service] [main] o.s.b.w.embedded.tomcat.TomcatWebServer  : Tomcat initialized with port 8081 (http)
2026-06-19T17:09:35.886+02:00  INFO 11914 --- [task-service] [main] o.apache.catalina.core.StandardService   : Starting service [Tomcat]
2026-06-19T17:09:35.887+02:00  INFO 11914 --- [task-service] [main] o.apache.catalina.core.StandardEngine    : Starting Servlet engine: [Apache Tomcat/10.1.20]
2026-06-19T17:09:36.231+02:00  INFO 11914 --- [task-service] [main] o.a.c.c.C.[Tomcat].[localhost].[/]       : Initializing Spring embedded WebApplicationContext
2026-06-19T17:09:36.233+02:00  INFO 11914 --- [task-service] [main] w.s.c.ServletWebServerApplicationContext : Root WebApplicationContext: initialization completed in 15571 ms
2026-06-19T17:09:41.666+02:00  INFO 11914 --- [task-service] [main] o.s.o.j.p.SpringPersistenceUnitInfo      : No LoadTimeWeaver setup: ignoring JPA class transformer
2026-06-19T17:09:41.795+02:00  INFO 11914 --- [task-service] [main] com.zaxxer.hikari.HikariDataSource       : HikariPool-1 - Starting...
2026-06-19T17:09:43.179+02:00  INFO 11914 --- [task-service] [main] com.zaxxer.hikari.pool.HikariPool        : HikariPool-1 - Added connection org.postgresql.jdbc.PgConnection@136cad3e
2026-06-19T17:09:43.190+02:00  INFO 11914 --- [task-service] [main] com.zaxxer.hikari.HikariDataSource       : HikariPool-1 - Start completed.
2026-06-19T17:09:48.338+02:00  INFO 11914 --- [task-service] [main] j.LocalContainerEntityManagerFactoryBean : Initialized JPA EntityManagerFactory for persistence unit 'default'
2026-06-19T17:09:53.417+02:00  WARN 11914 --- [task-service] [main] JpaBaseConfiguration$JpaWebConfiguration : spring.jpa.open-in-view is enabled by default. Therefore, database queries may be performed during view rendering. Explicitly configure spring.jpa.open-in-view to disable this warning
2026-06-19T17:09:59.726+02:00  INFO 11914 --- [task-service] [main] o.s.b.a.e.web.EndpointLinksResolver      : Exposing 1 endpoint(s) beneath base path '/actuator'
2026-06-19T17:10:00.131+02:00  INFO 11914 --- [task-service] [main] o.s.b.w.embedded.tomcat.TomcatWebServer  : Tomcat started on port 8081 (http) with context path ''
2026-06-19T17:10:00.239+02:00  INFO 11914 --- [task-service] [main] o.a.k.clients.consumer.ConsumerConfig    : ConsumerConfig values: 
	allow.auto.create.topics = true
	auto.commit.interval.ms = 5000
	auto.include.jmx.reporter = true
	auto.offset.reset = latest
	bootstrap.servers = [localhost:9092]
	check.crcs = true
	client.dns.lookup = use_all_dns_ips
	client.id = consumer-task-service-group-1
	client.rack = 
	connections.max.idle.ms = 540000
	default.api.timeout.ms = 60000
	enable.auto.commit = false
	exclude.internal.topics = true
	fetch.max.bytes = 52428800
	fetch.max.wait.ms = 500
	fetch.min.bytes = 1
	group.id = task-service-group
	group.instance.id = null
	heartbeat.interval.ms = 3000
	interceptor.classes = []
	internal.leave.group.on.close = true
	internal.throw.on.fetch.stable.offset.unsupported = false
	isolation.level = read_uncommitted
	key.deserializer = class org.apache.kafka.common.serialization.StringDeserializer
	max.partition.fetch.bytes = 1048576
	max.poll.interval.ms = 300000
	max.poll.records = 500
	metadata.max.age.ms = 300000
	metric.reporters = []
	metrics.num.samples = 2
	metrics.recording.level = INFO
	metrics.sample.window.ms = 30000
	partition.assignment.strategy = [class org.apache.kafka.clients.consumer.RangeAssignor, class org.apache.kafka.clients.consumer.CooperativeStickyAssignor]
	receive.buffer.bytes = 65536
	reconnect.backoff.max.ms = 1000
	reconnect.backoff.ms = 50
	request.timeout.ms = 30000
	retry.backoff.ms = 100
	sasl.client.callback.handler.class = null
	sasl.jaas.config = null
	sasl.kerberos.kinit.cmd = /usr/bin/kinit
	sasl.kerberos.min.time.before.relogin = 60000
	sasl.kerberos.service.name = null
	sasl.kerberos.ticket.renew.jitter = 0.05
	sasl.kerberos.ticket.renew.window.factor = 0.8
	sasl.login.callback.handler.class = null
	sasl.login.class = null
	sasl.login.connect.timeout.ms = null
	sasl.login.read.timeout.ms = null
	sasl.login.refresh.buffer.seconds = 300
	sasl.login.refresh.min.period.seconds = 60
	sasl.login.refresh.window.factor = 0.8
	sasl.login.refresh.window.jitter = 0.05
	sasl.login.retry.backoff.max.ms = 10000
	sasl.login.retry.backoff.ms = 100
	sasl.mechanism = GSSAPI
	sasl.oauthbearer.clock.skew.seconds = 30
	sasl.oauthbearer.expected.audience = null
	sasl.oauthbearer.expected.issuer = null
	sasl.oauthbearer.jwks.endpoint.refresh.ms = 3600000
	sasl.oauthbearer.jwks.endpoint.retry.backoff.max.ms = 10000
	sasl.oauthbearer.jwks.endpoint.retry.backoff.ms = 100
	sasl.oauthbearer.jwks.endpoint.url = null
	sasl.oauthbearer.scope.claim.name = scope
	sasl.oauthbearer.sub.claim.name = sub
	sasl.oauthbearer.token.endpoint.url = null
	security.protocol = PLAINTEXT
	security.providers = null
	send.buffer.bytes = 131072
	session.timeout.ms = 45000
	socket.connection.setup.timeout.max.ms = 30000
	socket.connection.setup.timeout.ms = 10000
	ssl.cipher.suites = null
	ssl.enabled.protocols = [TLSv1.2, TLSv1.3]
	ssl.endpoint.identification.algorithm = https
	ssl.engine.factory.class = null
	ssl.key.password = null
	ssl.keymanager.algorithm = SunX509
	ssl.keystore.certificate.chain = null
	ssl.keystore.key = null
	ssl.keystore.location = null
	ssl.keystore.password = null
	ssl.keystore.type = JKS
	ssl.protocol = TLSv1.3
	ssl.provider = null
	ssl.secure.random.implementation = null
	ssl.trustmanager.algorithm = PKIX
	ssl.truststore.certificates = null
	ssl.truststore.location = null
	ssl.truststore.password = null
	ssl.truststore.type = JKS
	value.deserializer = class org.springframework.kafka.support.serializer.JsonDeserializer

2026-06-19T17:10:00.695+02:00  INFO 11914 --- [task-service] [main] o.a.kafka.common.utils.AppInfoParser     : Kafka version: 3.6.2
2026-06-19T17:10:00.695+02:00  INFO 11914 --- [task-service] [main] o.a.kafka.common.utils.AppInfoParser     : Kafka commitId: c4deed513057c94e
2026-06-19T17:10:00.696+02:00  INFO 11914 --- [task-service] [main] o.a.kafka.common.utils.AppInfoParser     : Kafka startTimeMs: 1781881800692
2026-06-19T17:10:00.703+02:00  INFO 11914 --- [task-service] [main] fkaConsumerFactory$ExtendedKafkaConsumer : [Consumer clientId=consumer-task-service-group-1, groupId=task-service-group] Subscribed to topic(s): user-created-topic
2026-06-19T17:10:00.776+02:00  INFO 11914 --- [task-service] [main] c.p.c.t.TaskServiceApplication           : Started TaskServiceApplication in 46.056 seconds (process running for 52.537)
2026-06-19T17:10:02.595+02:00  INFO 11914 --- [task-service] [org.springframework.kafka.KafkaListenerEndpointContainer#0-0-C-1] org.apache.kafka.clients.Metadata        : [Consumer clientId=consumer-task-service-group-1, groupId=task-service-group] Cluster ID: qIs12zHVQCG2rNwljTakXg
2026-06-19T17:10:02.694+02:00  INFO 11914 --- [task-service] [org.springframework.kafka.KafkaListenerEndpointContainer#0-0-C-1] o.a.k.c.c.internals.ConsumerCoordinator  : [Consumer clientId=consumer-task-service-group-1, groupId=task-service-group] Discovered group coordinator localhost:9092 (id: 2147483646 rack: null)
2026-06-19T17:10:02.700+02:00  INFO 11914 --- [task-service] [org.springframework.kafka.KafkaListenerEndpointContainer#0-0-C-1] o.a.k.c.c.internals.ConsumerCoordinator  : [Consumer clientId=consumer-task-service-group-1, groupId=task-service-group] (Re-)joining group
2026-06-19T17:10:02.992+02:00  INFO 11914 --- [task-service] [org.springframework.kafka.KafkaListenerEndpointContainer#0-0-C-1] o.a.k.c.c.internals.ConsumerCoordinator  : [Consumer clientId=consumer-task-service-group-1, groupId=task-service-group] Request joining group due to: need to re-join with the given member-id: consumer-task-service-group-1-a9b3b87d-7650-447b-9741-b13d9b77ee39
2026-06-19T17:10:02.993+02:00  INFO 11914 --- [task-service] [org.springframework.kafka.KafkaListenerEndpointContainer#0-0-C-1] o.a.k.c.c.internals.ConsumerCoordinator  : [Consumer clientId=consumer-task-service-group-1, groupId=task-service-group] Request joining group due to: rebalance failed due to 'The group member needs to have a valid member id before actually entering a consumer group.' (MemberIdRequiredException)
2026-06-19T17:10:02.993+02:00  INFO 11914 --- [task-service] [org.springframework.kafka.KafkaListenerEndpointContainer#0-0-C-1] o.a.k.c.c.internals.ConsumerCoordinator  : [Consumer clientId=consumer-task-service-group-1, groupId=task-service-group] (Re-)joining group
2026-06-19T17:10:06.109+02:00  INFO 11914 --- [task-service] [org.springframework.kafka.KafkaListenerEndpointContainer#0-0-C-1] o.a.k.c.c.internals.ConsumerCoordinator  : [Consumer clientId=consumer-task-service-group-1, groupId=task-service-group] Successfully joined group with generation Generation{generationId=397, memberId='consumer-task-service-group-1-a9b3b87d-7650-447b-9741-b13d9b77ee39', protocol='range'}
2026-06-19T17:10:06.130+02:00  INFO 11914 --- [task-service] [org.springframework.kafka.KafkaListenerEndpointContainer#0-0-C-1] o.a.k.c.c.internals.ConsumerCoordinator  : [Consumer clientId=consumer-task-service-group-1, groupId=task-service-group] Finished assignment for group at generation 397: {consumer-task-service-group-1-a9b3b87d-7650-447b-9741-b13d9b77ee39=Assignment(partitions=[user-created-topic-0])}
2026-06-19T17:10:06.218+02:00  INFO 11914 --- [task-service] [org.springframework.kafka.KafkaListenerEndpointContainer#0-0-C-1] o.a.k.c.c.internals.ConsumerCoordinator  : [Consumer clientId=consumer-task-service-group-1, groupId=task-service-group] Successfully synced group in generation Generation{generationId=397, memberId='consumer-task-service-group-1-a9b3b87d-7650-447b-9741-b13d9b77ee39', protocol='range'}
2026-06-19T17:10:06.219+02:00  INFO 11914 --- [task-service] [org.springframework.kafka.KafkaListenerEndpointContainer#0-0-C-1] o.a.k.c.c.internals.ConsumerCoordinator  : [Consumer clientId=consumer-task-service-group-1, groupId=task-service-group] Notifying assignor about the new Assignment(partitions=[user-created-topic-0])
2026-06-19T17:10:06.225+02:00  INFO 11914 --- [task-service] [org.springframework.kafka.KafkaListenerEndpointContainer#0-0-C-1] o.a.k.c.c.internals.ConsumerCoordinator  : [Consumer clientId=consumer-task-service-group-1, groupId=task-service-group] Adding newly assigned partitions: user-created-topic-0
2026-06-19T17:10:06.306+02:00  INFO 11914 --- [task-service] [org.springframework.kafka.KafkaListenerEndpointContainer#0-0-C-1] o.a.k.c.c.internals.ConsumerCoordinator  : [Consumer clientId=consumer-task-service-group-1, groupId=task-service-group] Setting offset for partition user-created-topic-0 to the committed offset FetchPosition{offset=14, offsetEpoch=Optional.empty, currentLeader=LeaderAndEpoch{leader=Optional[localhost:9092 (id: 1 rack: null)], epoch=0}}
2026-06-19T17:10:06.309+02:00  INFO 11914 --- [task-service] [org.springframework.kafka.KafkaListenerEndpointContainer#0-0-C-1] o.s.k.l.KafkaMessageListenerContainer    : task-service-group: partitions assigned: [user-created-topic-0]
2026-06-19T17:10:53.282+02:00  INFO 11914 --- [task-service] [org.springframework.kafka.KafkaListenerEndpointContainer#0-0-C-1] o.a.k.c.c.internals.ConsumerCoordinator  : [Consumer clientId=consumer-task-service-group-1, groupId=task-service-group] Revoke previously assigned partitions user-created-topic-0
2026-06-19T17:10:53.295+02:00  INFO 11914 --- [task-service] [org.springframework.kafka.KafkaListenerEndpointContainer#0-0-C-1] o.s.k.l.KafkaMessageListenerContainer    : task-service-group: partitions revoked: [user-created-topic-0]
2026-06-19T17:10:53.297+02:00  INFO 11914 --- [task-service] [org.springframework.kafka.KafkaListenerEndpointContainer#0-0-C-1] o.a.k.c.c.internals.ConsumerCoordinator  : [Consumer clientId=consumer-task-service-group-1, groupId=task-service-group] Member consumer-task-service-group-1-a9b3b87d-7650-447b-9741-b13d9b77ee39 sending LeaveGroup request to coordinator localhost:9092 (id: 2147483646 rack: null) due to the consumer unsubscribed from all topics
2026-06-19T17:10:53.303+02:00  INFO 11914 --- [task-service] [org.springframework.kafka.KafkaListenerEndpointContainer#0-0-C-1] o.a.k.c.c.internals.ConsumerCoordinator  : [Consumer clientId=consumer-task-service-group-1, groupId=task-service-group] Resetting generation and member id due to: consumer pro-actively leaving the group
2026-06-19T17:10:53.303+02:00  INFO 11914 --- [task-service] [org.springframework.kafka.KafkaListenerEndpointContainer#0-0-C-1] o.a.k.c.c.internals.ConsumerCoordinator  : [Consumer clientId=consumer-task-service-group-1, groupId=task-service-group] Request joining group due to: consumer pro-actively leaving the group
2026-06-19T17:10:53.303+02:00  INFO 11914 --- [task-service] [org.springframework.kafka.KafkaListenerEndpointContainer#0-0-C-1] fkaConsumerFactory$ExtendedKafkaConsumer : [Consumer clientId=consumer-task-service-group-1, groupId=task-service-group] Unsubscribed all topics or patterns and assigned partitions
2026-06-19T17:10:53.316+02:00  INFO 11914 --- [task-service] [org.springframework.kafka.KafkaListenerEndpointContainer#0-0-C-1] o.a.k.c.c.internals.ConsumerCoordinator  : [Consumer clientId=consumer-task-service-group-1, groupId=task-service-group] Resetting generation and member id due to: consumer pro-actively leaving the group
2026-06-19T17:10:53.318+02:00  INFO 11914 --- [task-service] [org.springframework.kafka.KafkaListenerEndpointContainer#0-0-C-1] o.a.k.c.c.internals.ConsumerCoordinator  : [Consumer clientId=consumer-task-service-group-1, groupId=task-service-group] Request joining group due to: consumer pro-actively leaving the group
2026-06-19T17:10:53.450+02:00  INFO 11914 --- [task-service] [org.springframework.kafka.KafkaListenerEndpointContainer#0-0-C-1] o.apache.kafka.common.metrics.Metrics    : Metrics scheduler closed
2026-06-19T17:10:53.452+02:00  INFO 11914 --- [task-service] [org.springframework.kafka.KafkaListenerEndpointContainer#0-0-C-1] o.apache.kafka.common.metrics.Metrics    : Closing reporter org.apache.kafka.common.metrics.JmxReporter
2026-06-19T17:10:53.453+02:00  INFO 11914 --- [task-service] [org.springframework.kafka.KafkaListenerEndpointContainer#0-0-C-1] o.apache.kafka.common.metrics.Metrics    : Metrics reporters closed
2026-06-19T17:10:53.479+02:00  INFO 11914 --- [task-service] [org.springframework.kafka.KafkaListenerEndpointContainer#0-0-C-1] o.a.kafka.common.utils.AppInfoParser     : App info kafka.consumer for consumer-task-service-group-1 unregistered
2026-06-19T17:10:53.482+02:00  INFO 11914 --- [task-service] [org.springframework.kafka.KafkaListenerEndpointContainer#0-0-C-1] o.s.k.l.KafkaMessageListenerContainer    : task-service-group: Consumer stopped
2026-06-19T17:10:53.682+02:00  INFO 11914 --- [task-service] [SpringApplicationShutdownHook] j.LocalContainerEntityManagerFactoryBean : Closing JPA EntityManagerFactory for persistence unit 'default'
2026-06-19T17:10:53.698+02:00  INFO 11914 --- [task-service] [SpringApplicationShutdownHook] com.zaxxer.hikari.HikariDataSource       : HikariPool-1 - Shutdown initiated...
2026-06-19T17:10:53.708+02:00  INFO 11914 --- [task-service] [SpringApplicationShutdownHook] com.zaxxer.hikari.HikariDataSource       : HikariPool-1 - Shutdown completed.
