2026-06-19T17:09:24.207+02:00  INFO 11919 --- [user-service] [main] c.p.c.u.UserServiceApplication           : Starting UserServiceApplication using Java 21.0.10 with PID 11919 (/Users/wassimsboui/complet/user-service/target/classes started by wassimsboui in /Users/wassimsboui/complet)
2026-06-19T17:09:24.366+02:00  INFO 11919 --- [user-service] [main] c.p.c.u.UserServiceApplication           : No active profile set, falling back to 1 default profile: "default"
2026-06-19T17:09:30.864+02:00  INFO 11919 --- [user-service] [main] .s.d.r.c.RepositoryConfigurationDelegate : Multiple Spring Data modules found, entering strict repository configuration mode
2026-06-19T17:09:30.871+02:00  INFO 11919 --- [user-service] [main] .s.d.r.c.RepositoryConfigurationDelegate : Bootstrapping Spring Data JPA repositories in DEFAULT mode.
2026-06-19T17:09:31.667+02:00  INFO 11919 --- [user-service] [main] .s.d.r.c.RepositoryConfigurationDelegate : Finished Spring Data repository scanning in 771 ms. Found 1 JPA repository interface.
2026-06-19T17:09:31.773+02:00  INFO 11919 --- [user-service] [main] .s.d.r.c.RepositoryConfigurationDelegate : Multiple Spring Data modules found, entering strict repository configuration mode
2026-06-19T17:09:31.776+02:00  INFO 11919 --- [user-service] [main] .s.d.r.c.RepositoryConfigurationDelegate : Bootstrapping Spring Data Redis repositories in DEFAULT mode.
2026-06-19T17:09:31.851+02:00  INFO 11919 --- [user-service] [main] .RepositoryConfigurationExtensionSupport : Spring Data Redis - Could not safely identify store assignment for repository candidate interface com.pictet.complet.userservice.repositories.UserRepository; If you want this repository to be a Redis repository, consider annotating your entities with one of these annotations: org.springframework.data.redis.core.RedisHash (preferred), or consider extending one of the following types with your repository: org.springframework.data.keyvalue.repository.KeyValueRepository
2026-06-19T17:09:31.854+02:00  INFO 11919 --- [user-service] [main] .s.d.r.c.RepositoryConfigurationDelegate : Finished Spring Data repository scanning in 50 ms. Found 0 Redis repository interfaces.
2026-06-19T17:09:35.875+02:00  INFO 11919 --- [user-service] [main] o.s.b.w.embedded.tomcat.TomcatWebServer  : Tomcat initialized with port 8082 (http)
2026-06-19T17:09:35.924+02:00  INFO 11919 --- [user-service] [main] o.apache.catalina.core.StandardService   : Starting service [Tomcat]
2026-06-19T17:09:35.928+02:00  INFO 11919 --- [user-service] [main] o.apache.catalina.core.StandardEngine    : Starting Servlet engine: [Apache Tomcat/10.1.20]
2026-06-19T17:09:36.285+02:00  INFO 11919 --- [user-service] [main] o.a.c.c.C.[Tomcat].[localhost].[/]       : Initializing Spring embedded WebApplicationContext
2026-06-19T17:09:36.286+02:00  INFO 11919 --- [user-service] [main] w.s.c.ServletWebServerApplicationContext : Root WebApplicationContext: initialization completed in 11611 ms
2026-06-19T17:09:40.954+02:00  INFO 11919 --- [user-service] [main] o.s.o.j.p.SpringPersistenceUnitInfo      : No LoadTimeWeaver setup: ignoring JPA class transformer
2026-06-19T17:09:41.084+02:00  INFO 11919 --- [user-service] [main] com.zaxxer.hikari.HikariDataSource       : HikariPool-1 - Starting...
2026-06-19T17:09:42.221+02:00  INFO 11919 --- [user-service] [main] com.zaxxer.hikari.pool.HikariPool        : HikariPool-1 - Added connection org.postgresql.jdbc.PgConnection@19f1f330
2026-06-19T17:09:42.234+02:00  INFO 11919 --- [user-service] [main] com.zaxxer.hikari.HikariDataSource       : HikariPool-1 - Start completed.
2026-06-19T17:09:47.845+02:00  INFO 11919 --- [user-service] [main] j.LocalContainerEntityManagerFactoryBean : Initialized JPA EntityManagerFactory for persistence unit 'default'
2026-06-19T17:09:48.923+02:00  INFO 11919 --- [user-service] [main] o.s.d.j.r.query.QueryEnhancerFactory     : Hibernate is in classpath; If applicable, HQL parser will be used.
2026-06-19T17:09:51.459+02:00  WARN 11919 --- [user-service] [main] JpaBaseConfiguration$JpaWebConfiguration : spring.jpa.open-in-view is enabled by default. Therefore, database queries may be performed during view rendering. Explicitly configure spring.jpa.open-in-view to disable this warning
2026-06-19T17:09:55.341+02:00  INFO 11919 --- [user-service] [main] o.s.b.a.e.web.EndpointLinksResolver      : Exposing 1 endpoint(s) beneath base path '/actuator'
2026-06-19T17:09:55.736+02:00  INFO 11919 --- [user-service] [main] o.s.b.w.embedded.tomcat.TomcatWebServer  : Tomcat started on port 8082 (http) with context path ''
2026-06-19T17:09:55.806+02:00  INFO 11919 --- [user-service] [main] c.p.c.u.UserServiceApplication           : Started UserServiceApplication in 36.14 seconds (process running for 40.222)
2026-06-19T17:10:01.741+02:00  INFO 11919 --- [user-service] [http-nio-8082-exec-1] o.a.c.c.C.[Tomcat].[localhost].[/]       : Initializing Spring DispatcherServlet 'dispatcherServlet'
2026-06-19T17:10:01.741+02:00  INFO 11919 --- [user-service] [http-nio-8082-exec-1] o.s.web.servlet.DispatcherServlet        : Initializing Servlet 'dispatcherServlet'
2026-06-19T17:10:01.745+02:00  INFO 11919 --- [user-service] [http-nio-8082-exec-1] o.s.web.servlet.DispatcherServlet        : Completed initialization in 3 ms
2026-06-19T17:10:53.789+02:00  INFO 11919 --- [user-service] [SpringApplicationShutdownHook] j.LocalContainerEntityManagerFactoryBean : Closing JPA EntityManagerFactory for persistence unit 'default'
2026-06-19T17:10:53.833+02:00  INFO 11919 --- [user-service] [SpringApplicationShutdownHook] com.zaxxer.hikari.HikariDataSource       : HikariPool-1 - Shutdown initiated...
2026-06-19T17:10:53.875+02:00  INFO 11919 --- [user-service] [SpringApplicationShutdownHook] com.zaxxer.hikari.HikariDataSource       : HikariPool-1 - Shutdown completed.
